# JRE version: OpenJDK Runtime Environment (8.0_112-b06) (build 1.8.0_112-release-b06)
# Java VM: OpenJDK 64-Bit Server VM (25.112-b06 mixed mode linux-amd64 compressed oops)
Heap:
 PSYoungGen      total 430592K, used 20325K [0x00000000e0000000, 0x0000000100000000, 0x0000000100000000)
  eden space 336896K, 0% used [0x00000000e0000000,0x00000000e0000000,0x00000000f4900000)
  from space 93696K, 21% used [0x00000000f4900000,0x00000000f5cd9768,0x00000000fa480000)
  to   space 93696K, 0% used [0x00000000fa480000,0x00000000fa480000,0x0000000100000000)
 ParOldGen       total 291328K, used 291191K [0x00000000a0000000, 0x00000000b1c80000, 0x00000000e0000000)
  object space 291328K, 99% used [0x00000000a0000000,0x00000000b1c5dd40,0x00000000b1c80000)
 Metaspace       used 78651K, capacity 83224K, committed 83352K, reserved 1122304K
  class space    used 9842K, capacity 10575K, committed 10672K, reserved 1048576K
GC Heap History (10 events):
Event: 3949.978 GC heap after
Heap after GC invocations=43 (full 8):
 PSYoungGen      total 427520K, used 0K [0x00000000e0000000, 0x0000000100000000, 0x0000000100000000)
  eden space 378880K, 0% used [0x00000000e0000000,0x00000000e0000000,0x00000000f7200000)
  from space 48640K, 0% used [0x00000000f7200000,0x00000000f7200000,0x00000000fa180000)
  to   space 74240K, 0% used [0x00000000fb780000,0x00000000fb780000,0x0000000100000000)
 ParOldGen       total 291328K, used 173072K [0x00000000a0000000, 0x00000000b1c80000, 0x00000000e0000000)
  object space 291328K, 59% used [0x00000000a0000000,0x00000000aa9043f8,0x00000000b1c80000)
 Metaspace       used 78642K, capacity 83224K, committed 83352K, reserved 1122304K
  class space    used 9842K, capacity 10575K, committed 10672K, reserved 1048576K
}
Event: 3951.210 GC heap before
{Heap before GC invocations=44 (full 8):
 PSYoungGen      total 427520K, used 378880K [0x00000000e0000000, 0x0000000100000000, 0x0000000100000000)
  eden space 378880K, 100% used [0x00000000e0000000,0x00000000f7200000,0x00000000f7200000)
  from space 48640K, 0% used [0x00000000f7200000,0x00000000f7200000,0x00000000fa180000)
  to   space 74240K, 0% used [0x00000000fb780000,0x00000000fb780000,0x0000000100000000)
 ParOldGen       total 291328K, used 173072K [0x00000000a0000000, 0x00000000b1c80000, 0x00000000e0000000)
  object space 291328K, 59% used [0x00000000a0000000,0x00000000aa9043f8,0x00000000b1c80000)
 Metaspace       used 78650K, capacity 83224K, committed 83352K, reserved 1122304K
  class space    used 9842K, capacity 10575K, committed 10672K, reserved 1048576K
Event: 3951.294 GC heap after
Heap after GC invocations=44 (full 8):
 PSYoungGen      total 452608K, used 39507K [0x00000000e0000000, 0x0000000100000000, 0x0000000100000000)
  eden space 378368K, 0% used [0x00000000e0000000,0x00000000e0000000,0x00000000f7180000)
  from space 74240K, 53% used [0x00000000fb780000,0x00000000fde14f88,0x0000000100000000)
  to   space 71680K, 0% used [0x00000000f7180000,0x00000000f7180000,0x00000000fb780000)
 ParOldGen       total 291328K, used 173080K [0x00000000a0000000, 0x00000000b1c80000, 0x00000000e0000000)
  object space 291328K, 59% used [0x00000000a0000000,0x00000000aa9063f8,0x00000000b1c80000)
 Metaspace       used 78650K, capacity 83224K, committed 83352K, reserved 1122304K
  class space    used 9842K, capacity 10575K, committed 10672K, reserved 1048576K
}
Event: 3954.996 GC heap before
{Heap before GC invocations=45 (full 8):
 PSYoungGen      total 452608K, used 417875K [0x00000000e0000000, 0x0000000100000000, 0x0000000100000000)
  eden space 378368K, 100% used [0x00000000e0000000,0x00000000f7180000,0x00000000f7180000)
  from space 74240K, 53% used [0x00000000fb780000,0x00000000fde14f88,0x0000000100000000)
  to   space 71680K, 0% used [0x00000000f7180000,0x00000000f7180000,0x00000000fb780000)
 ParOldGen       total 291328K, used 173080K [0x00000000a0000000, 0x00000000b1c80000, 0x00000000e0000000)
  object space 291328K, 59% used [0x00000000a0000000,0x00000000aa9063f8,0x00000000b1c80000)
 Metaspace       used 78651K, capacity 83224K, committed 83352K, reserved 1122304K
  class space    used 9842K, capacity 10575K, committed 10672K, reserved 1048576K
Event: 3955.131 GC heap after
Heap after GC invocations=45 (full 8):
 PSYoungGen      total 450048K, used 71648K [0x00000000e0000000, 0x0000000100000000, 0x0000000100000000)
  eden space 378368K, 0% used [0x00000000e0000000,0x00000000e0000000,0x00000000f7180000)
  from space 71680K, 99% used [0x00000000f7180000,0x00000000fb7781c0,0x00000000fb780000)
  to   space 74240K, 0% used [0x00000000fb780000,0x00000000fb780000,0x0000000100000000)
 ParOldGen       total 291328K, used 195766K [0x00000000a0000000, 0x00000000b1c80000, 0x00000000e0000000)
  object space 291328K, 67% used [0x00000000a0000000,0x00000000abf2db68,0x00000000b1c80000)
 Metaspace       used 78651K, capacity 83224K, committed 83352K, reserved 1122304K
  class space    used 9842K, capacity 10575K, committed 10672K, reserved 1048576K
}
Event: 3956.515 GC heap before
{Heap before GC invocations=46 (full 8):
 PSYoungGen      total 450048K, used 450016K [0x00000000e0000000, 0x0000000100000000, 0x0000000100000000)
  eden space 378368K, 100% used [0x00000000e0000000,0x00000000f7180000,0x00000000f7180000)
  from space 71680K, 99% used [0x00000000f7180000,0x00000000fb7781c0,0x00000000fb780000)
  to   space 74240K, 0% used [0x00000000fb780000,0x00000000fb780000,0x0000000100000000)
 ParOldGen       total 291328K, used 195766K [0x00000000a0000000, 0x00000000b1c80000, 0x00000000e0000000)
  object space 291328K, 67% used [0x00000000a0000000,0x00000000abf2db68,0x00000000b1c80000)
 Metaspace       used 78651K, capacity 83224K, committed 83352K, reserved 1122304K
  class space    used 9842K, capacity 10575K, committed 10672K, reserved 1048576K
Event: 3956.693 GC heap after
Heap after GC invocations=46 (full 8):
 PSYoungGen      total 411136K, used 66561K [0x00000000e0000000, 0x0000000100000000, 0x0000000100000000)
  eden space 336896K, 0% used [0x00000000e0000000,0x00000000e0000000,0x00000000f4900000)
  from space 74240K, 89% used [0x00000000fb780000,0x00000000ff8804c8,0x0000000100000000)
  to   space 93696K, 0% used [0x00000000f4900000,0x00000000f4900000,0x00000000fa480000)
 ParOldGen       total 291328K, used 235990K [0x00000000a0000000, 0x00000000b1c80000, 0x00000000e0000000)
  object space 291328K, 81% used [0x00000000a0000000,0x00000000ae675890,0x00000000b1c80000)
 Metaspace       used 78651K, capacity 83224K, committed 83352K, reserved 1122304K
  class space    used 9842K, capacity 10575K, committed 10672K, reserved 1048576K
}
Event: 3960.659 GC heap before
{Heap before GC invocations=47 (full 8):
 PSYoungGen      total 411136K, used 403457K [0x00000000e0000000, 0x0000000100000000, 0x0000000100000000)
  eden space 336896K, 100% used [0x00000000e0000000,0x00000000f4900000,0x00000000f4900000)
  from space 74240K, 89% used [0x00000000fb780000,0x00000000ff8804c8,0x0000000100000000)
  to   space 93696K, 0% used [0x00000000f4900000,0x00000000f4900000,0x00000000fa480000)
 ParOldGen       total 291328K, used 235990K [0x00000000a0000000, 0x00000000b1c80000, 0x00000000e0000000)
  object space 291328K, 81% used [0x00000000a0000000,0x00000000ae675890,0x00000000b1c80000)
 Metaspace       used 78651K, capacity 83224K, committed 83352K, reserved 1122304K
  class space    used 9842K, capacity 10575K, committed 10672K, reserved 1048576K
Event: 3960.782 GC heap after
Heap after GC invocations=47 (full 8):
 PSYoungGen      total 430592K, used 93685K [0x00000000e0000000, 0x0000000100000000, 0x0000000100000000)
  eden space 336896K, 0% used [0x00000000e0000000,0x00000000e0000000,0x00000000f4900000)
  from space 93696K, 99% used [0x00000000f4900000,0x00000000fa47d620,0x00000000fa480000)
  to   space 93696K, 0% used [0x00000000fa480000,0x00000000fa480000,0x0000000100000000)
 ParOldGen       total 291328K, used 274671K [0x00000000a0000000, 0x00000000b1c80000, 0x00000000e0000000)
  object space 291328K, 94% used [0x00000000a0000000,0x00000000b0c3beb8,0x00000000b1c80000)
 Metaspace       used 78651K, capacity 83224K, committed 83352K, reserved 1122304K
  class space    used 9842K, capacity 10575K, committed 10672K, reserved 1048576K
}
Event: 3960.782 GC heap before
{Heap before GC invocations=48 (full 9):
 PSYoungGen      total 430592K, used 93685K [0x00000000e0000000, 0x0000000100000000, 0x0000000100000000)
  eden space 336896K, 0% used [0x00000000e0000000,0x00000000e0000000,0x00000000f4900000)
  from space 93696K, 99% used [0x00000000f4900000,0x00000000fa47d620,0x00000000fa480000)
  to   space 93696K, 0% used [0x00000000fa480000,0x00000000fa480000,0x0000000100000000)
 ParOldGen       total 291328K, used 274671K [0x00000000a0000000, 0x00000000b1c80000, 0x00000000e0000000)
  object space 291328K, 94% used [0x00000000a0000000,0x00000000b0c3beb8,0x00000000b1c80000)
 Metaspace       used 78651K, capacity 83224K, committed 83352K, reserved 1122304K
  class space    used 9842K, capacity 10575K, committed 10672K, reserved 1048576K

